<?xml version="1.0" encoding="UTF-8"?>
<testsuite name="HelloWorldTest" tests="1" skipped="0" failures="0" errors="0" timestamp="2024-02-16T15:33:11" hostname="EPBYGROW00D8" time="0.041">
  <properties/>
  <testcase name="helloWorldTest" classname="HelloWorldTest" time="0.041"/>
  <system-out><![CDATA[]]></system-out>
  <system-err><![CDATA[]]></system-err>
</testsuite>
