<?xml version="1.0" encoding="UTF-8"?>
<testsuite name="BankAccountTest" tests="5" skipped="4" failures="0" errors="0" timestamp="2024-02-18T13:27:56" hostname="EPBYGROW00D8" time="0.021">
  <properties/>
  <testcase name="zeroBalanceWhenOpened" classname="BankAccountTest" time="0.019"/>
  <testcase name="closedAccountCannotBeAdjusted" classname="BankAccountTest" time="0.0">
    <skipped/>
  </testcase>
  <testcase name="closedAccountHasNoBalance" classname="BankAccountTest" time="0.0">
    <skipped/>
  </testcase>
  <testcase name="concurrentBalanceAdjustments" classname="BankAccountTest" time="0.0">
    <skipped/>
  </testcase>
  <testcase name="sequentialBalanceAdjustments" classname="BankAccountTest" time="0.0">
    <skipped/>
  </testcase>
  <system-out><![CDATA[]]></system-out>
  <system-err><![CDATA[]]></system-err>
</testsuite>
